<?xml version="1.0" encoding="UTF-8"?>
<!-- Generated by org.testng.reporters.JUnitReportReporter -->
<testsuite skipped="0" hostname="DESKTOP-0UO3A38" name="demo1.Testng02" tests="4" failures="0" timestamp="2021-07-22T15:04:00 IST" time="0.007" errors="0">
  <testcase name="test05" time="0.002" classname="demo1.Testng02"/>
  <system-out/>
  <testcase name="test07" time="0.002" classname="demo1.Testng02"/>
  <system-out>
Test executed  </system-out>
  <testcase name="test06" time="0.002" classname="demo1.Testng02"/>
  <system-out>
open app  </system-out>
  <testcase name="test08" time="0.001" classname="demo1.Testng02"/>
  <system-out/>
</testsuite> <!-- demo1.Testng02 -->
