<?xml version="1.0" encoding="UTF-8"?>
<!-- Generated by org.testng.reporters.JUnitReportReporter -->
<testsuite skipped="0" hostname="DESKTOP-0UO3A38" name="demo.Testng01" tests="4" failures="0" timestamp="2021-07-22T15:04:00 IST" time="0.019" errors="0">
  <testcase name="test01" time="0.012" classname="demo.Testng01"/>
  <system-out/>
  <testcase name="test04" time="0.002" classname="demo.Testng01"/>
  <system-out/>
  <testcase name="test02" time="0.003" classname="demo.Testng01"/>
  <system-out>
open app  </system-out>
  <testcase name="test03" time="0.002" classname="demo.Testng01"/>
  <system-out>
Test executed  </system-out>
</testsuite> <!-- demo.Testng01 -->
